[debug] [2022-08-23T11:04:24.601Z] ----------------------------------------------------------------------
[debug] [2022-08-23T11:04:24.604Z] Command:       C:\Program Files\nodejs\node.exe C:\Users\3E_Tam\AppData\Roaming\npm\node_modules\firebase-tools\lib\bin\firebase.js emulators:start
[debug] [2022-08-23T11:04:24.605Z] CLI Version:   11.8.0
[debug] [2022-08-23T11:04:24.605Z] Platform:      win32
[debug] [2022-08-23T11:04:24.605Z] Node Version:  v16.17.0
[debug] [2022-08-23T11:04:24.606Z] Time:          Tue Aug 23 2022 18:04:24 GMT+0700 (Indochina Time)
[debug] [2022-08-23T11:04:24.607Z] ----------------------------------------------------------------------
[debug] 
[debug] [2022-08-23T11:04:24.707Z] > command requires scopes: ["email","openid","https://www.googleapis.com/auth/cloudplatformprojects.readonly","https://www.googleapis.com/auth/firebase","https://www.googleapis.com/auth/cloud-platform"]
[debug] [2022-08-23T11:04:24.707Z] > authorizing via signed-in user (nattavat.farmimg.tech@gmail.com)
[info] i  emulators: Starting emulators: functions {"metadata":{"emulator":{"name":"hub"},"message":"Starting emulators: functions"}}
[debug] [2022-08-23T11:04:24.739Z] [hub] writing locator at C:\Users\3E_Tam\AppData\Local\Temp\hub-iot-farming-d73b7.json
[warn] !  functions: The following emulators are not running, calls to these services from the Functions emulator will affect production: auth, firestore, database, hosting, pubsub, storage, eventarc {"metadata":{"emulator":{"name":"functions"},"message":"The following emulators are not running, calls to these services from the Functions emulator will affect production: \u001b[1mauth, firestore, database, hosting, pubsub, storage, eventarc\u001b[22m"}}
[info] +  functions: Using node@16 from host. {"metadata":{"emulator":{"name":"functions"},"message":"Using node@16 from host."}}
[debug] [2022-08-23T11:04:24.798Z] defaultcredentials: writing to file C:\Users\3E_Tam\AppData\Roaming\firebase\nattavat_farmimg.tech_gmail.com_application_default_credentials.json
[debug] [2022-08-23T11:04:24.804Z] Setting GAC to C:\Users\3E_Tam\AppData\Roaming\firebase\nattavat_farmimg.tech_gmail.com_application_default_credentials.json {"metadata":{"emulator":{"name":"functions"},"message":"Setting GAC to C:\\Users\\3E_Tam\\AppData\\Roaming\\firebase\\nattavat_farmimg.tech_gmail.com_application_default_credentials.json"}}
[debug] [2022-08-23T11:04:24.808Z] >>> [apiv2][query] GET https://firebase.googleapis.com/v1beta1/projects/iot-farming-d73b7/adminSdkConfig [none]
[debug] [2022-08-23T11:04:25.301Z] <<< [apiv2][status] GET https://firebase.googleapis.com/v1beta1/projects/iot-farming-d73b7/adminSdkConfig 200
[debug] [2022-08-23T11:04:25.301Z] <<< [apiv2][body] GET https://firebase.googleapis.com/v1beta1/projects/iot-farming-d73b7/adminSdkConfig {"projectId":"iot-farming-d73b7","storageBucket":"iot-farming-d73b7.appspot.com","locationId":"asia-southeast1"}
[debug] [2022-08-23T11:04:25.332Z] Ignoring unsupported arg: auto_download {"metadata":{"emulator":{"name":"ui"},"message":"Ignoring unsupported arg: auto_download"}}
[debug] [2022-08-23T11:04:25.332Z] Ignoring unsupported arg: port {"metadata":{"emulator":{"name":"ui"},"message":"Ignoring unsupported arg: port"}}
[debug] [2022-08-23T11:04:25.332Z] Starting Emulator UI with command {"binary":"node","args":["C:\\Users\\3E_Tam\\.cache\\firebase\\emulators\\ui-v1.9.0\\server\\server.js"],"optionalArgs":[],"joinArgs":false} {"metadata":{"emulator":{"name":"ui"},"message":"Starting Emulator UI with command {\"binary\":\"node\",\"args\":[\"C:\\\\Users\\\\3E_Tam\\\\.cache\\\\firebase\\\\emulators\\\\ui-v1.9.0\\\\server\\\\server.js\"],\"optionalArgs\":[],\"joinArgs\":false}"}}
[info] i  ui: Emulator UI logging to ui-debug.log {"metadata":{"emulator":{"name":"ui"},"message":"Emulator UI logging to \u001b[1mui-debug.log\u001b[22m"}}
[debug] [2022-08-23T11:04:25.495Z] Web / API server started at localhost:4000
 {"metadata":{"emulator":{"name":"ui"},"message":"Web / API server started at localhost:4000\n"}}
[info] i  functions: Watching "C:\Users\3E_Tam\Documents\firebase-function-user-service\functions" for Cloud Functions... {"metadata":{"emulator":{"name":"functions"},"message":"Watching \"C:\\Users\\3E_Tam\\Documents\\firebase-function-user-service\\functions\" for Cloud Functions..."}}
[debug] [2022-08-23T11:04:25.626Z] Validating nodejs source
[debug] [2022-08-23T11:04:28.685Z] > [functions] package.json contents: {
  "name": "functions",
  "description": "Cloud Functions for Firebase",
  "scripts": {
    "serve": "firebase emulators:start --only functions",
    "shell": "firebase functions:shell",
    "start": "npm run shell",
    "deploy": "firebase deploy --only functions",
    "logs": "firebase functions:log"
  },
  "engines": {
    "node": "16"
  },
  "main": "index.js",
  "dependencies": {
    "bcrypt": "^5.0.1",
    "body-parser": "^1.20.0",
    "cookie-parser": "^1.4.6",
    "cors": "^2.8.5",
    "dotenv": "^16.0.1",
    "express": "^4.18.1",
    "firebase-admin": "^11.0.1",
    "firebase-functions": "^3.22.0"
  },
  "devDependencies": {
    "firebase-functions-test": "^0.2.0"
  },
  "private": true
}
[debug] [2022-08-23T11:04:28.685Z] Building nodejs source
[debug] [2022-08-23T11:04:28.685Z] Analyzing nodejs backend spec
[debug] [2022-08-23T11:04:28.686Z] Could not find functions.yaml. Must use http discovery
[debug] [2022-08-23T11:04:29.122Z] Serving at port 9005

[debug] [2022-08-23T11:04:29.634Z] Got response from /__/functions.yaml {"endpoints":{"user_service":{"platform":"gcfv1","region":["asia-southeast1"],"httpsTrigger":{},"entryPoint":"user_service"}},"specVersion":"v1alpha1","requiredAPIs":[]}
[debug] [2022-08-23T11:04:29.653Z] shutdown requested via /__/quitquitquit

[info] +  functions: Loaded functions definitions from source: user_service. {"metadata":{"emulator":{"name":"functions"},"message":"Loaded functions definitions from source: user_service."}}
[info] +  functions[asia-southeast1-user_service]: http function initialized (http://localhost:5001/iot-farming-d73b7/asia-southeast1/user_service). {"metadata":{"emulator":{"name":"functions"},"message":"\u001b[1mhttp\u001b[22m function initialized (http://localhost:5001/iot-farming-d73b7/asia-southeast1/user_service)."}}
[info] 
┌─────────────────────────────────────────────────────────────┐
│ ✔  All emulators ready! It is now safe to connect your app. │
│ i  View Emulator UI at http://localhost:4000                │
└─────────────────────────────────────────────────────────────┘

┌───────────┬────────────────┬─────────────────────────────────┐
│ Emulator  │ Host:Port      │ View in Emulator UI             │
├───────────┼────────────────┼─────────────────────────────────┤
│ Functions │ localhost:5001 │ http://localhost:4000/functions │
└───────────┴────────────────┴─────────────────────────────────┘
  Emulator Hub running at localhost:4400
  Other reserved ports: 4500

Issues? Report them at https://github.com/firebase/firebase-tools/issues and attach the *-debug.log files.
 
[debug] [2022-08-23T11:04:34.096Z] [work-queue] {"queueLength":1,"workRunningCount":0}
[debug] [2022-08-23T11:04:34.096Z] [work-queue] {"queueLength":0,"workRunningCount":1}
[debug] [2022-08-23T11:04:34.097Z] Accepted request GET /iot-farming-d73b7/asia-southeast1/user_service/users --> asia-southeast1-user_service
[info] i  functions: Loaded environment variables from .env. 
[debug] [2022-08-23T11:04:34.109Z] [worker-pool] addWorker(asia-southeast1-user_service) {"metadata":{"emulator":{"name":"functions"},"message":"[worker-pool] addWorker(asia-southeast1-user_service)"}}
[debug] [2022-08-23T11:04:34.110Z] [worker-pool] Adding worker with key asia-southeast1-user_service, total=1 {"metadata":{"emulator":{"name":"functions"},"message":"[worker-pool] Adding worker with key asia-southeast1-user_service, total=1"}}
[debug] [2022-08-23T11:04:34.110Z] [worker-pool] submitWork(triggerId=asia-southeast1-user_service) {"metadata":{"emulator":{"name":"functions"},"message":"[worker-pool] submitWork(triggerId=asia-southeast1-user_service)"}}
[debug] [2022-08-23T11:04:34.111Z] [worker-asia-southeast1-user_service-fb3feb4e-16ed-4fbf-b5af-2a2f7d0858e0]: BUSY {"metadata":{"emulator":{"name":"functions"},"message":"[worker-asia-southeast1-user_service-fb3feb4e-16ed-4fbf-b5af-2a2f7d0858e0]: BUSY"}}
[debug] [2022-08-23T11:04:35.820Z] [runtime-status] [23388] Resolved module firebase-admin {"declared":true,"installed":true,"version":"11.0.1","resolution":"C:\\Users\\3E_Tam\\Documents\\firebase-function-user-service\\functions\\node_modules\\firebase-admin\\lib\\index.js"} {"metadata":{"emulator":{"name":"functions"},"function":{"name":"asia-southeast1-user_service"},"extension":{},"message":"[runtime-status] [23388] Resolved module firebase-admin {\"declared\":true,\"installed\":true,\"version\":\"11.0.1\",\"resolution\":\"C:\\\\Users\\\\3E_Tam\\\\Documents\\\\firebase-function-user-service\\\\functions\\\\node_modules\\\\firebase-admin\\\\lib\\\\index.js\"}"}}
[debug] [2022-08-23T11:04:35.821Z] [runtime-status] [23388] Resolved module firebase-functions {"declared":true,"installed":true,"version":"3.22.0","resolution":"C:\\Users\\3E_Tam\\Documents\\firebase-function-user-service\\functions\\node_modules\\firebase-functions\\lib\\index.js"} {"metadata":{"emulator":{"name":"functions"},"function":{"name":"asia-southeast1-user_service"},"extension":{},"message":"[runtime-status] [23388] Resolved module firebase-functions {\"declared\":true,\"installed\":true,\"version\":\"3.22.0\",\"resolution\":\"C:\\\\Users\\\\3E_Tam\\\\Documents\\\\firebase-function-user-service\\\\functions\\\\node_modules\\\\firebase-functions\\\\lib\\\\index.js\"}"}}
[debug] [2022-08-23T11:04:35.821Z] [runtime-status] [23388] Outgoing network have been stubbed. [{"name":"http","status":"mocked"},{"name":"http","status":"mocked"},{"name":"https","status":"mocked"},{"name":"https","status":"mocked"},{"name":"net","status":"mocked"}] {"metadata":{"emulator":{"name":"functions"},"function":{"name":"asia-southeast1-user_service"},"extension":{},"message":"[runtime-status] [23388] Outgoing network have been stubbed. [{\"name\":\"http\",\"status\":\"mocked\"},{\"name\":\"http\",\"status\":\"mocked\"},{\"name\":\"https\",\"status\":\"mocked\"},{\"name\":\"https\",\"status\":\"mocked\"},{\"name\":\"net\",\"status\":\"mocked\"}]"}}
[debug] [2022-08-23T11:04:35.824Z] [runtime-status] [23388] Resolved module firebase-functions {"declared":true,"installed":true,"version":"3.22.0","resolution":"C:\\Users\\3E_Tam\\Documents\\firebase-function-user-service\\functions\\node_modules\\firebase-functions\\lib\\index.js"} {"metadata":{"emulator":{"name":"functions"},"function":{"name":"asia-southeast1-user_service"},"extension":{},"message":"[runtime-status] [23388] Resolved module firebase-functions {\"declared\":true,\"installed\":true,\"version\":\"3.22.0\",\"resolution\":\"C:\\\\Users\\\\3E_Tam\\\\Documents\\\\firebase-function-user-service\\\\functions\\\\node_modules\\\\firebase-functions\\\\lib\\\\index.js\"}"}}
[debug] [2022-08-23T11:04:35.891Z] [runtime-status] [23388] Checked functions.config() {"config":{}} {"metadata":{"emulator":{"name":"functions"},"function":{"name":"asia-southeast1-user_service"},"extension":{},"message":"[runtime-status] [23388] Checked functions.config() {\"config\":{}}"}}
[debug] [2022-08-23T11:04:35.892Z] [runtime-status] [23388] firebase-functions has been stubbed. {"functionsResolution":{"declared":true,"installed":true,"version":"3.22.0","resolution":"C:\\Users\\3E_Tam\\Documents\\firebase-function-user-service\\functions\\node_modules\\firebase-functions\\lib\\index.js"}} {"metadata":{"emulator":{"name":"functions"},"function":{"name":"asia-southeast1-user_service"},"extension":{},"message":"[runtime-status] [23388] firebase-functions has been stubbed. {\"functionsResolution\":{\"declared\":true,\"installed\":true,\"version\":\"3.22.0\",\"resolution\":\"C:\\\\Users\\\\3E_Tam\\\\Documents\\\\firebase-function-user-service\\\\functions\\\\node_modules\\\\firebase-functions\\\\lib\\\\index.js\"}}"}}
[debug] [2022-08-23T11:04:35.893Z] [runtime-status] [23388] Resolved module firebase-functions {"declared":true,"installed":true,"version":"3.22.0","resolution":"C:\\Users\\3E_Tam\\Documents\\firebase-function-user-service\\functions\\node_modules\\firebase-functions\\lib\\index.js"} {"metadata":{"emulator":{"name":"functions"},"function":{"name":"asia-southeast1-user_service"},"extension":{},"message":"[runtime-status] [23388] Resolved module firebase-functions {\"declared\":true,\"installed\":true,\"version\":\"3.22.0\",\"resolution\":\"C:\\\\Users\\\\3E_Tam\\\\Documents\\\\firebase-function-user-service\\\\functions\\\\node_modules\\\\firebase-functions\\\\lib\\\\index.js\"}"}}
[debug] [2022-08-23T11:04:35.894Z] [runtime-status] [23388] Resolved module firebase-admin {"declared":true,"installed":true,"version":"11.0.1","resolution":"C:\\Users\\3E_Tam\\Documents\\firebase-function-user-service\\functions\\node_modules\\firebase-admin\\lib\\index.js"} {"metadata":{"emulator":{"name":"functions"},"function":{"name":"asia-southeast1-user_service"},"extension":{},"message":"[runtime-status] [23388] Resolved module firebase-admin {\"declared\":true,\"installed\":true,\"version\":\"11.0.1\",\"resolution\":\"C:\\\\Users\\\\3E_Tam\\\\Documents\\\\firebase-function-user-service\\\\functions\\\\node_modules\\\\firebase-admin\\\\lib\\\\index.js\"}"}}
[debug] [2022-08-23T11:04:35.895Z] [runtime-status] [23388] Resolved module firebase-functions {"declared":true,"installed":true,"version":"3.22.0","resolution":"C:\\Users\\3E_Tam\\Documents\\firebase-function-user-service\\functions\\node_modules\\firebase-functions\\lib\\index.js"} {"metadata":{"emulator":{"name":"functions"},"function":{"name":"asia-southeast1-user_service"},"extension":{},"message":"[runtime-status] [23388] Resolved module firebase-functions {\"declared\":true,\"installed\":true,\"version\":\"3.22.0\",\"resolution\":\"C:\\\\Users\\\\3E_Tam\\\\Documents\\\\firebase-function-user-service\\\\functions\\\\node_modules\\\\firebase-functions\\\\lib\\\\index.js\"}"}}
[debug] [2022-08-23T11:04:35.896Z] [runtime-status] [23388] firebase-admin has been stubbed. {"adminResolution":{"declared":true,"installed":true,"version":"11.0.1","resolution":"C:\\Users\\3E_Tam\\Documents\\firebase-function-user-service\\functions\\node_modules\\firebase-admin\\lib\\index.js"}} {"metadata":{"emulator":{"name":"functions"},"function":{"name":"asia-southeast1-user_service"},"extension":{},"message":"[runtime-status] [23388] firebase-admin has been stubbed. {\"adminResolution\":{\"declared\":true,\"installed\":true,\"version\":\"11.0.1\",\"resolution\":\"C:\\\\Users\\\\3E_Tam\\\\Documents\\\\firebase-function-user-service\\\\functions\\\\node_modules\\\\firebase-admin\\\\lib\\\\index.js\"}}"}}
[debug] [2022-08-23T11:04:35.896Z] [runtime-status] [23388] Functions runtime initialized. {"cwd":"C:\\Users\\3E_Tam\\Documents\\firebase-function-user-service\\functions","node_version":"16.17.0"} {"metadata":{"emulator":{"name":"functions"},"function":{"name":"asia-southeast1-user_service"},"extension":{},"message":"[runtime-status] [23388] Functions runtime initialized. {\"cwd\":\"C:\\\\Users\\\\3E_Tam\\\\Documents\\\\firebase-function-user-service\\\\functions\",\"node_version\":\"16.17.0\"}"}}
[debug] [2022-08-23T11:04:36.198Z] [runtime-status] [23388] initializeApp(DEFAULT) {"credential":{"implicit":false,"projectId":"iot-farming-d73b7","privateKey":"-----BEGIN PRIVATE KEY-----\nMIIEvQIBADANBgkqhkiG9w0BAQEFAASCBKcwggSjAgEAAoIBAQC2/nOGfzNpw9mJ\nI5vh49n+j3tM1gfK6ZrJLmg4PIdrFulXI8Vd0Wr5zCvAwazSsyF0Ws4B+n0+sP8V\nE7k+NgGovH6RbEjq/Oh09We0NS+GFtV/GY03xBUwcWHQJ++Fcfty3BjQIYGpdBqf\n6yR+tLqwhrcFcGzTJadwyaZh9twUMsznbH678DLgIXMLWxqnZBLJtovECGgLJMJm\nKTiD0pPtbo6AHmAJpN1vzWU5soxZIjFGhaVaEwvmJgbQCLILEIAYrltO8SefDT7c\n2QgM0zypyGDY61Rpy77kANUgLnU1OEoyAp78IUSBViDIbzPJGrir3uGN6SMvr18x\nfgDyEQh9AgMBAAECggEABQAfBcFIp4WDsfqF+2LPs1GoaXbPyyFnDx8rPDB0Yt55\n+wHk8aWmM0ZpAoW2DZB51iCy0G+ZA2oeMuQag8VBdlnLsnkLCaDUK54EjSk9whH7\nYUEuEG3DRneb2BMtArCCrV1mVMCDW68z9DGed/foVF8jLJ9ybCBg/4dw1aNV2WCL\n3yehV4ZPGHdhDNs6CwBBCxo4f70Ce04pF06QcpW/kyKDMi36m+JVNYIYR0ROawea\nNx9vGaVvHdbUhVCa15qzLeuN/KTHGI4vlNLPDd8NgTHZnRoBfb2dwa0tzBVCsSnZ\n/8IjlliWTkrklRRUra0Ps2r65iUGQqOgrwjivMIm4QKBgQDinFvsRvA0dlStko9Q\n17VQDNx9hTHFLArXXvsg23epMmRtwY5FNAGLxEUFZemq9gaJWT4hPx1KqnIoHHJs\nXS++VmowW568aMe76oD341blpYsJTXLlqTSfVB2g/NqSbLCUNdERWRRVsj/Fjj9p\noPhyIeRioZ/CLvumqb1e3opn3wKBgQDOufttKo2rRRivTTfu0p8nDo9e/ydZow2G\n6vdmEvdxYlu5ekUWUhKUrJzJAYa4UB0HriV2ZCejCDU/eipDMuKlaERtFjbtoqW3\ncrzMRDjgNijYl9v2Yp35mRtQjBm88YozDzTVH5hGiP5rkXV15eJIblAD6IpCqgJ6\n4toHYBnLIwKBgGQmfmm6IEbPVTUw5K3x52vtgzTmPMzLXi85BvvKguQAJWpsdJgZ\nF+XRZD+yfsbT3KevDUpcPnHVSoZ3rApAVO1l+6BLnaffFwbx6PWlP65Wr0/5LqJZ\nWaxg3IdduKul5ZRbBH8KQ3ZsRMrmxxfD0ImAeRMuIxEK+qT5t3vKFpk5AoGAQa4J\nWffJJv8/BoNMIA6/DhOsLYx3nh0V8SW6EK45+8Y6SkW0qZDN4nqtHZfki664anZD\n5MeRaFT1RgO0ZcFHDTKBev8x2HJyoEROA8AxKdtLQvWMp01Rz7l7Wi4JB2TeebZ9\nHLF7Gf3wh5ChdyHgsQ6LUZKSSvfk7dIhX3KC/20CgYEAuVvQrAe9pK0mlZTq2/r8\nr8Bra2fcMVlcOBX7ndotL5o0R8AqQ4tB+cOu9/a3zI5nKHegrFjs+uSxeyYuJMdw\ncyu9gNH4NrCuc6B5CXxi0sWwE72KD2OPdt0W5PKy8sqXp49pMCuCFv5htN8CpuGR\nWpltIFosRnjVsxyb27xVf0A=\n-----END PRIVATE KEY-----\n","clientEmail":"firebase-adminsdk-ax41n@iot-farming-d73b7.iam.gserviceaccount.com","httpClient":{"retry":{"maxRetries":4,"statusCodes":[503],"ioErrorCodes":["ECONNRESET","ETIMEDOUT"],"backOffFactor":0.5,"maxDelayInMillis":60000}}}} {"metadata":{"emulator":{"name":"functions"},"function":{"name":"asia-southeast1-user_service"},"extension":{},"message":"[runtime-status] [23388] initializeApp(DEFAULT) {\"credential\":{\"implicit\":false,\"projectId\":\"iot-farming-d73b7\",\"privateKey\":\"-----BEGIN PRIVATE KEY-----\\nMIIEvQIBADANBgkqhkiG9w0BAQEFAASCBKcwggSjAgEAAoIBAQC2/nOGfzNpw9mJ\\nI5vh49n+j3tM1gfK6ZrJLmg4PIdrFulXI8Vd0Wr5zCvAwazSsyF0Ws4B+n0+sP8V\\nE7k+NgGovH6RbEjq/Oh09We0NS+GFtV/GY03xBUwcWHQJ++Fcfty3BjQIYGpdBqf\\n6yR+tLqwhrcFcGzTJadwyaZh9twUMsznbH678DLgIXMLWxqnZBLJtovECGgLJMJm\\nKTiD0pPtbo6AHmAJpN1vzWU5soxZIjFGhaVaEwvmJgbQCLILEIAYrltO8SefDT7c\\n2QgM0zypyGDY61Rpy77kANUgLnU1OEoyAp78IUSBViDIbzPJGrir3uGN6SMvr18x\\nfgDyEQh9AgMBAAECggEABQAfBcFIp4WDsfqF+2LPs1GoaXbPyyFnDx8rPDB0Yt55\\n+wHk8aWmM0ZpAoW2DZB51iCy0G+ZA2oeMuQag8VBdlnLsnkLCaDUK54EjSk9whH7\\nYUEuEG3DRneb2BMtArCCrV1mVMCDW68z9DGed/foVF8jLJ9ybCBg/4dw1aNV2WCL\\n3yehV4ZPGHdhDNs6CwBBCxo4f70Ce04pF06QcpW/kyKDMi36m+JVNYIYR0ROawea\\nNx9vGaVvHdbUhVCa15qzLeuN/KTHGI4vlNLPDd8NgTHZnRoBfb2dwa0tzBVCsSnZ\\n/8IjlliWTkrklRRUra0Ps2r65iUGQqOgrwjivMIm4QKBgQDinFvsRvA0dlStko9Q\\n17VQDNx9hTHFLArXXvsg23epMmRtwY5FNAGLxEUFZemq9gaJWT4hPx1KqnIoHHJs\\nXS++VmowW568aMe76oD341blpYsJTXLlqTSfVB2g/NqSbLCUNdERWRRVsj/Fjj9p\\noPhyIeRioZ/CLvumqb1e3opn3wKBgQDOufttKo2rRRivTTfu0p8nDo9e/ydZow2G\\n6vdmEvdxYlu5ekUWUhKUrJzJAYa4UB0HriV2ZCejCDU/eipDMuKlaERtFjbtoqW3\\ncrzMRDjgNijYl9v2Yp35mRtQjBm88YozDzTVH5hGiP5rkXV15eJIblAD6IpCqgJ6\\n4toHYBnLIwKBgGQmfmm6IEbPVTUw5K3x52vtgzTmPMzLXi85BvvKguQAJWpsdJgZ\\nF+XRZD+yfsbT3KevDUpcPnHVSoZ3rApAVO1l+6BLnaffFwbx6PWlP65Wr0/5LqJZ\\nWaxg3IdduKul5ZRbBH8KQ3ZsRMrmxxfD0ImAeRMuIxEK+qT5t3vKFpk5AoGAQa4J\\nWffJJv8/BoNMIA6/DhOsLYx3nh0V8SW6EK45+8Y6SkW0qZDN4nqtHZfki664anZD\\n5MeRaFT1RgO0ZcFHDTKBev8x2HJyoEROA8AxKdtLQvWMp01Rz7l7Wi4JB2TeebZ9\\nHLF7Gf3wh5ChdyHgsQ6LUZKSSvfk7dIhX3KC/20CgYEAuVvQrAe9pK0mlZTq2/r8\\nr8Bra2fcMVlcOBX7ndotL5o0R8AqQ4tB+cOu9/a3zI5nKHegrFjs+uSxeyYuJMdw\\ncyu9gNH4NrCuc6B5CXxi0sWwE72KD2OPdt0W5PKy8sqXp49pMCuCFv5htN8CpuGR\\nWpltIFosRnjVsxyb27xVf0A=\\n-----END PRIVATE KEY-----\\n\",\"clientEmail\":\"firebase-adminsdk-ax41n@iot-farming-d73b7.iam.gserviceaccount.com\",\"httpClient\":{\"retry\":{\"maxRetries\":4,\"statusCodes\":[503],\"ioErrorCodes\":[\"ECONNRESET\",\"ETIMEDOUT\"],\"backOffFactor\":0.5,\"maxDelayInMillis\":60000}}}}"}}
[warn] !  functions: The Cloud Firestore emulator is not running, so calls to Firestore will affect production. {"metadata":{"emulator":{"name":"functions"},"function":{"name":"asia-southeast1-user_service"},"extension":{},"message":"The Cloud Firestore emulator is not running, so calls to Firestore will affect production."}}
[debug] [2022-08-23T11:04:36.268Z] [runtime-status] [23388] Beginning invocation function user_service! {"metadata":{"emulator":{"name":"functions"},"function":{"name":"asia-southeast1-user_service"},"extension":{},"message":"[runtime-status] [23388] Beginning invocation function user_service!"}}
[info] i  functions: Beginning execution of "user_service" {"metadata":{"emulator":{"name":"functions"},"function":{"name":"asia-southeast1-user_service"},"extension":{},"message":"Beginning execution of \"user_service\""}}
[debug] [2022-08-23T11:04:36.270Z] [runtime-status] [23388] Running user_service in signature http {"metadata":{"emulator":{"name":"functions"},"function":{"name":"asia-southeast1-user_service"},"extension":{},"message":"[runtime-status] [23388] Running user_service in signature http"}}
[debug] [2022-08-23T11:04:36.276Z] [runtime-status] [23388] Listening to port: \\?\pipe\fire_emu_e263b1cbda489cd4 {"metadata":{"emulator":{"name":"functions"},"function":{"name":"asia-southeast1-user_service"},"extension":{},"message":"[runtime-status] [23388] Listening to port: \\\\?\\pipe\\fire_emu_e263b1cbda489cd4"}}
[debug] [2022-08-23T11:04:36.338Z] [functions] Runtime ready! Sending request! {"metadata":{"emulator":{"name":"functions"},"message":"[functions] Runtime ready! Sending request!"}}
[debug] [2022-08-23T11:04:36.339Z] [functions] Got req.url=/iot-farming-d73b7/asia-southeast1/user_service/users, mapping to path=/users {"metadata":{"emulator":{"name":"functions"},"message":"[functions] Got req.url=/iot-farming-d73b7/asia-southeast1/user_service/users, mapping to path=/users"}}
[debug] [2022-08-23T11:04:36.341Z] [runtime-status] [23388] Ephemeral server handling GET request {"metadata":{"emulator":{"name":"functions"},"function":{"name":"asia-southeast1-user_service"},"extension":{},"message":"[runtime-status] [23388] Ephemeral server handling GET request"}}
[info] >  [ 5150 ] {"user":[5150],"metadata":{"emulator":{"name":"functions"},"function":{"name":"asia-southeast1-user_service"},"extension":{},"message":"\u001b[90m> \u001b[39m [ 5150 ]"}}
[info] >  [ 2001 ] {"user":[2001],"metadata":{"emulator":{"name":"functions"},"function":{"name":"asia-southeast1-user_service"},"extension":{},"message":"\u001b[90m> \u001b[39m [ 2001 ]"}}
[debug] [2022-08-23T11:04:36.354Z] [runtime-status] [23388] Ephemeral server survived. {"metadata":{"emulator":{"name":"functions"},"function":{"name":"asia-southeast1-user_service"},"extension":{},"message":"[runtime-status] [23388] Ephemeral server survived."}}
[info] i  functions: Finished "user_service" in ~1s {"metadata":{"emulator":{"name":"functions"},"function":{"name":"asia-southeast1-user_service"},"extension":{},"message":"Finished \"user_service\" in ~1s"}}
[debug] [2022-08-23T11:04:36.355Z] [worker-asia-southeast1-user_service-fb3feb4e-16ed-4fbf-b5af-2a2f7d0858e0]: IDLE {"metadata":{"emulator":{"name":"functions"},"message":"[worker-asia-southeast1-user_service-fb3feb4e-16ed-4fbf-b5af-2a2f7d0858e0]: IDLE"}}
[debug] [2022-08-23T11:04:36.356Z] [work-queue] {"queueLength":0,"workRunningCount":0}
[debug] [2022-08-23T11:05:30.286Z] File C:\Users\3E_Tam\Documents\firebase-function-user-service\functions\routes.js changed, reloading triggers {"metadata":{"emulator":{"name":"functions"},"message":"File C:\\Users\\3E_Tam\\Documents\\firebase-function-user-service\\functions\\routes.js changed, reloading triggers"}}
[debug] [2022-08-23T11:05:31.300Z] Validating nodejs source
[debug] [2022-08-23T11:05:36.154Z] > [functions] package.json contents: {
  "name": "functions",
  "description": "Cloud Functions for Firebase",
  "scripts": {
    "serve": "firebase emulators:start --only functions",
    "shell": "firebase functions:shell",
    "start": "npm run shell",
    "deploy": "firebase deploy --only functions",
    "logs": "firebase functions:log"
  },
  "engines": {
    "node": "16"
  },
  "main": "index.js",
  "dependencies": {
    "bcrypt": "^5.0.1",
    "body-parser": "^1.20.0",
    "cookie-parser": "^1.4.6",
    "cors": "^2.8.5",
    "dotenv": "^16.0.1",
    "express": "^4.18.1",
    "firebase-admin": "^11.0.1",
    "firebase-functions": "^3.22.0"
  },
  "devDependencies": {
    "firebase-functions-test": "^0.2.0"
  },
  "private": true
}
[debug] [2022-08-23T11:05:36.154Z] Building nodejs source
[debug] [2022-08-23T11:05:36.154Z] Analyzing nodejs backend spec
[debug] [2022-08-23T11:05:36.155Z] Could not find functions.yaml. Must use http discovery
[debug] [2022-08-23T11:05:36.474Z] Serving at port 9005

[debug] [2022-08-23T11:05:36.773Z] Got response from /__/functions.yaml {"endpoints":{"user_service":{"platform":"gcfv1","region":["asia-southeast1"],"httpsTrigger":{},"entryPoint":"user_service"}},"specVersion":"v1alpha1","requiredAPIs":[]}
[debug] [2022-08-23T11:05:36.780Z] shutdown requested via /__/quitquitquit

[info] +  functions: Loaded functions definitions from source: user_service. {"metadata":{"emulator":{"name":"functions"},"message":"Loaded functions definitions from source: user_service."}}
[debug] [2022-08-23T11:05:36.792Z] [worker-pool] Shutting down IDLE worker (asia-southeast1-user_service) {"metadata":{"emulator":{"name":"functions"},"message":"[worker-pool] Shutting down IDLE worker (asia-southeast1-user_service)"}}
[debug] [2022-08-23T11:05:36.793Z] [worker-asia-southeast1-user_service-fb3feb4e-16ed-4fbf-b5af-2a2f7d0858e0]: FINISHING {"metadata":{"emulator":{"name":"functions"},"message":"[worker-asia-southeast1-user_service-fb3feb4e-16ed-4fbf-b5af-2a2f7d0858e0]: FINISHING"}}
[debug] [2022-08-23T11:05:36.822Z] [worker-asia-southeast1-user_service-fb3feb4e-16ed-4fbf-b5af-2a2f7d0858e0]: exited {"metadata":{"emulator":{"name":"functions"},"message":"[worker-asia-southeast1-user_service-fb3feb4e-16ed-4fbf-b5af-2a2f7d0858e0]: exited"}}
[debug] [2022-08-23T11:05:36.822Z] [worker-asia-southeast1-user_service-fb3feb4e-16ed-4fbf-b5af-2a2f7d0858e0]: FINISHED {"metadata":{"emulator":{"name":"functions"},"message":"[worker-asia-southeast1-user_service-fb3feb4e-16ed-4fbf-b5af-2a2f7d0858e0]: FINISHED"}}
[debug] [2022-08-23T11:05:40.843Z] [work-queue] {"queueLength":1,"workRunningCount":0}
[debug] [2022-08-23T11:05:40.844Z] [work-queue] {"queueLength":0,"workRunningCount":1}
[debug] [2022-08-23T11:05:40.844Z] Accepted request GET /iot-farming-d73b7/asia-southeast1/user_service/users --> asia-southeast1-user_service
[debug] [2022-08-23T11:05:40.845Z] [worker-pool] Cleaned up workers for asia-southeast1-user_service: 1 --> 0 {"metadata":{"emulator":{"name":"functions"},"message":"[worker-pool] Cleaned up workers for asia-southeast1-user_service: 1 --> 0"}}
[info] i  functions: Loaded environment variables from .env. 
[debug] [2022-08-23T11:05:40.871Z] [worker-pool] addWorker(asia-southeast1-user_service) {"metadata":{"emulator":{"name":"functions"},"message":"[worker-pool] addWorker(asia-southeast1-user_service)"}}
[debug] [2022-08-23T11:05:40.871Z] [worker-pool] Adding worker with key asia-southeast1-user_service, total=1 {"metadata":{"emulator":{"name":"functions"},"message":"[worker-pool] Adding worker with key asia-southeast1-user_service, total=1"}}
[debug] [2022-08-23T11:05:40.871Z] [worker-pool] submitWork(triggerId=asia-southeast1-user_service) {"metadata":{"emulator":{"name":"functions"},"message":"[worker-pool] submitWork(triggerId=asia-southeast1-user_service)"}}
[debug] [2022-08-23T11:05:40.872Z] [worker-asia-southeast1-user_service-e6a43c60-2557-4b06-a323-d5a74c0571c5]: BUSY {"metadata":{"emulator":{"name":"functions"},"message":"[worker-asia-southeast1-user_service-e6a43c60-2557-4b06-a323-d5a74c0571c5]: BUSY"}}
[debug] [2022-08-23T11:05:42.393Z] [runtime-status] [20572] Resolved module firebase-admin {"declared":true,"installed":true,"version":"11.0.1","resolution":"C:\\Users\\3E_Tam\\Documents\\firebase-function-user-service\\functions\\node_modules\\firebase-admin\\lib\\index.js"} {"metadata":{"emulator":{"name":"functions"},"function":{"name":"asia-southeast1-user_service"},"extension":{},"message":"[runtime-status] [20572] Resolved module firebase-admin {\"declared\":true,\"installed\":true,\"version\":\"11.0.1\",\"resolution\":\"C:\\\\Users\\\\3E_Tam\\\\Documents\\\\firebase-function-user-service\\\\functions\\\\node_modules\\\\firebase-admin\\\\lib\\\\index.js\"}"}}
[debug] [2022-08-23T11:05:42.395Z] [runtime-status] [20572] Resolved module firebase-functions {"declared":true,"installed":true,"version":"3.22.0","resolution":"C:\\Users\\3E_Tam\\Documents\\firebase-function-user-service\\functions\\node_modules\\firebase-functions\\lib\\index.js"} {"metadata":{"emulator":{"name":"functions"},"function":{"name":"asia-southeast1-user_service"},"extension":{},"message":"[runtime-status] [20572] Resolved module firebase-functions {\"declared\":true,\"installed\":true,\"version\":\"3.22.0\",\"resolution\":\"C:\\\\Users\\\\3E_Tam\\\\Documents\\\\firebase-function-user-service\\\\functions\\\\node_modules\\\\firebase-functions\\\\lib\\\\index.js\"}"}}
[debug] [2022-08-23T11:05:42.395Z] [runtime-status] [20572] Outgoing network have been stubbed. [{"name":"http","status":"mocked"},{"name":"http","status":"mocked"},{"name":"https","status":"mocked"},{"name":"https","status":"mocked"},{"name":"net","status":"mocked"}] {"metadata":{"emulator":{"name":"functions"},"function":{"name":"asia-southeast1-user_service"},"extension":{},"message":"[runtime-status] [20572] Outgoing network have been stubbed. [{\"name\":\"http\",\"status\":\"mocked\"},{\"name\":\"http\",\"status\":\"mocked\"},{\"name\":\"https\",\"status\":\"mocked\"},{\"name\":\"https\",\"status\":\"mocked\"},{\"name\":\"net\",\"status\":\"mocked\"}]"}}
[debug] [2022-08-23T11:05:42.397Z] [runtime-status] [20572] Resolved module firebase-functions {"declared":true,"installed":true,"version":"3.22.0","resolution":"C:\\Users\\3E_Tam\\Documents\\firebase-function-user-service\\functions\\node_modules\\firebase-functions\\lib\\index.js"} {"metadata":{"emulator":{"name":"functions"},"function":{"name":"asia-southeast1-user_service"},"extension":{},"message":"[runtime-status] [20572] Resolved module firebase-functions {\"declared\":true,\"installed\":true,\"version\":\"3.22.0\",\"resolution\":\"C:\\\\Users\\\\3E_Tam\\\\Documents\\\\firebase-function-user-service\\\\functions\\\\node_modules\\\\firebase-functions\\\\lib\\\\index.js\"}"}}
[debug] [2022-08-23T11:05:42.457Z] [runtime-status] [20572] Checked functions.config() {"config":{}} {"metadata":{"emulator":{"name":"functions"},"function":{"name":"asia-southeast1-user_service"},"extension":{},"message":"[runtime-status] [20572] Checked functions.config() {\"config\":{}}"}}
[debug] [2022-08-23T11:05:42.457Z] [runtime-status] [20572] firebase-functions has been stubbed. {"functionsResolution":{"declared":true,"installed":true,"version":"3.22.0","resolution":"C:\\Users\\3E_Tam\\Documents\\firebase-function-user-service\\functions\\node_modules\\firebase-functions\\lib\\index.js"}} {"metadata":{"emulator":{"name":"functions"},"function":{"name":"asia-southeast1-user_service"},"extension":{},"message":"[runtime-status] [20572] firebase-functions has been stubbed. {\"functionsResolution\":{\"declared\":true,\"installed\":true,\"version\":\"3.22.0\",\"resolution\":\"C:\\\\Users\\\\3E_Tam\\\\Documents\\\\firebase-function-user-service\\\\functions\\\\node_modules\\\\firebase-functions\\\\lib\\\\index.js\"}}"}}
[debug] [2022-08-23T11:05:42.458Z] [runtime-status] [20572] Resolved module firebase-functions {"declared":true,"installed":true,"version":"3.22.0","resolution":"C:\\Users\\3E_Tam\\Documents\\firebase-function-user-service\\functions\\node_modules\\firebase-functions\\lib\\index.js"} {"metadata":{"emulator":{"name":"functions"},"function":{"name":"asia-southeast1-user_service"},"extension":{},"message":"[runtime-status] [20572] Resolved module firebase-functions {\"declared\":true,\"installed\":true,\"version\":\"3.22.0\",\"resolution\":\"C:\\\\Users\\\\3E_Tam\\\\Documents\\\\firebase-function-user-service\\\\functions\\\\node_modules\\\\firebase-functions\\\\lib\\\\index.js\"}"}}
[debug] [2022-08-23T11:05:42.459Z] [runtime-status] [20572] Resolved module firebase-admin {"declared":true,"installed":true,"version":"11.0.1","resolution":"C:\\Users\\3E_Tam\\Documents\\firebase-function-user-service\\functions\\node_modules\\firebase-admin\\lib\\index.js"} {"metadata":{"emulator":{"name":"functions"},"function":{"name":"asia-southeast1-user_service"},"extension":{},"message":"[runtime-status] [20572] Resolved module firebase-admin {\"declared\":true,\"installed\":true,\"version\":\"11.0.1\",\"resolution\":\"C:\\\\Users\\\\3E_Tam\\\\Documents\\\\firebase-function-user-service\\\\functions\\\\node_modules\\\\firebase-admin\\\\lib\\\\index.js\"}"}}
[debug] [2022-08-23T11:05:42.460Z] [runtime-status] [20572] Resolved module firebase-functions {"declared":true,"installed":true,"version":"3.22.0","resolution":"C:\\Users\\3E_Tam\\Documents\\firebase-function-user-service\\functions\\node_modules\\firebase-functions\\lib\\index.js"} {"metadata":{"emulator":{"name":"functions"},"function":{"name":"asia-southeast1-user_service"},"extension":{},"message":"[runtime-status] [20572] Resolved module firebase-functions {\"declared\":true,\"installed\":true,\"version\":\"3.22.0\",\"resolution\":\"C:\\\\Users\\\\3E_Tam\\\\Documents\\\\firebase-function-user-service\\\\functions\\\\node_modules\\\\firebase-functions\\\\lib\\\\index.js\"}"}}
[debug] [2022-08-23T11:05:42.460Z] [runtime-status] [20572] firebase-admin has been stubbed. {"adminResolution":{"declared":true,"installed":true,"version":"11.0.1","resolution":"C:\\Users\\3E_Tam\\Documents\\firebase-function-user-service\\functions\\node_modules\\firebase-admin\\lib\\index.js"}} {"metadata":{"emulator":{"name":"functions"},"function":{"name":"asia-southeast1-user_service"},"extension":{},"message":"[runtime-status] [20572] firebase-admin has been stubbed. {\"adminResolution\":{\"declared\":true,\"installed\":true,\"version\":\"11.0.1\",\"resolution\":\"C:\\\\Users\\\\3E_Tam\\\\Documents\\\\firebase-function-user-service\\\\functions\\\\node_modules\\\\firebase-admin\\\\lib\\\\index.js\"}}"}}
[debug] [2022-08-23T11:05:42.461Z] [runtime-status] [20572] Functions runtime initialized. {"cwd":"C:\\Users\\3E_Tam\\Documents\\firebase-function-user-service\\functions","node_version":"16.17.0"} {"metadata":{"emulator":{"name":"functions"},"function":{"name":"asia-southeast1-user_service"},"extension":{},"message":"[runtime-status] [20572] Functions runtime initialized. {\"cwd\":\"C:\\\\Users\\\\3E_Tam\\\\Documents\\\\firebase-function-user-service\\\\functions\",\"node_version\":\"16.17.0\"}"}}
[debug] [2022-08-23T11:05:42.738Z] [runtime-status] [20572] initializeApp(DEFAULT) {"credential":{"implicit":false,"projectId":"iot-farming-d73b7","privateKey":"-----BEGIN PRIVATE KEY-----\nMIIEvQIBADANBgkqhkiG9w0BAQEFAASCBKcwggSjAgEAAoIBAQC2/nOGfzNpw9mJ\nI5vh49n+j3tM1gfK6ZrJLmg4PIdrFulXI8Vd0Wr5zCvAwazSsyF0Ws4B+n0+sP8V\nE7k+NgGovH6RbEjq/Oh09We0NS+GFtV/GY03xBUwcWHQJ++Fcfty3BjQIYGpdBqf\n6yR+tLqwhrcFcGzTJadwyaZh9twUMsznbH678DLgIXMLWxqnZBLJtovECGgLJMJm\nKTiD0pPtbo6AHmAJpN1vzWU5soxZIjFGhaVaEwvmJgbQCLILEIAYrltO8SefDT7c\n2QgM0zypyGDY61Rpy77kANUgLnU1OEoyAp78IUSBViDIbzPJGrir3uGN6SMvr18x\nfgDyEQh9AgMBAAECggEABQAfBcFIp4WDsfqF+2LPs1GoaXbPyyFnDx8rPDB0Yt55\n+wHk8aWmM0ZpAoW2DZB51iCy0G+ZA2oeMuQag8VBdlnLsnkLCaDUK54EjSk9whH7\nYUEuEG3DRneb2BMtArCCrV1mVMCDW68z9DGed/foVF8jLJ9ybCBg/4dw1aNV2WCL\n3yehV4ZPGHdhDNs6CwBBCxo4f70Ce04pF06QcpW/kyKDMi36m+JVNYIYR0ROawea\nNx9vGaVvHdbUhVCa15qzLeuN/KTHGI4vlNLPDd8NgTHZnRoBfb2dwa0tzBVCsSnZ\n/8IjlliWTkrklRRUra0Ps2r65iUGQqOgrwjivMIm4QKBgQDinFvsRvA0dlStko9Q\n17VQDNx9hTHFLArXXvsg23epMmRtwY5FNAGLxEUFZemq9gaJWT4hPx1KqnIoHHJs\nXS++VmowW568aMe76oD341blpYsJTXLlqTSfVB2g/NqSbLCUNdERWRRVsj/Fjj9p\noPhyIeRioZ/CLvumqb1e3opn3wKBgQDOufttKo2rRRivTTfu0p8nDo9e/ydZow2G\n6vdmEvdxYlu5ekUWUhKUrJzJAYa4UB0HriV2ZCejCDU/eipDMuKlaERtFjbtoqW3\ncrzMRDjgNijYl9v2Yp35mRtQjBm88YozDzTVH5hGiP5rkXV15eJIblAD6IpCqgJ6\n4toHYBnLIwKBgGQmfmm6IEbPVTUw5K3x52vtgzTmPMzLXi85BvvKguQAJWpsdJgZ\nF+XRZD+yfsbT3KevDUpcPnHVSoZ3rApAVO1l+6BLnaffFwbx6PWlP65Wr0/5LqJZ\nWaxg3IdduKul5ZRbBH8KQ3ZsRMrmxxfD0ImAeRMuIxEK+qT5t3vKFpk5AoGAQa4J\nWffJJv8/BoNMIA6/DhOsLYx3nh0V8SW6EK45+8Y6SkW0qZDN4nqtHZfki664anZD\n5MeRaFT1RgO0ZcFHDTKBev8x2HJyoEROA8AxKdtLQvWMp01Rz7l7Wi4JB2TeebZ9\nHLF7Gf3wh5ChdyHgsQ6LUZKSSvfk7dIhX3KC/20CgYEAuVvQrAe9pK0mlZTq2/r8\nr8Bra2fcMVlcOBX7ndotL5o0R8AqQ4tB+cOu9/a3zI5nKHegrFjs+uSxeyYuJMdw\ncyu9gNH4NrCuc6B5CXxi0sWwE72KD2OPdt0W5PKy8sqXp49pMCuCFv5htN8CpuGR\nWpltIFosRnjVsxyb27xVf0A=\n-----END PRIVATE KEY-----\n","clientEmail":"firebase-adminsdk-ax41n@iot-farming-d73b7.iam.gserviceaccount.com","httpClient":{"retry":{"maxRetries":4,"statusCodes":[503],"ioErrorCodes":["ECONNRESET","ETIMEDOUT"],"backOffFactor":0.5,"maxDelayInMillis":60000}}}} {"metadata":{"emulator":{"name":"functions"},"function":{"name":"asia-southeast1-user_service"},"extension":{},"message":"[runtime-status] [20572] initializeApp(DEFAULT) {\"credential\":{\"implicit\":false,\"projectId\":\"iot-farming-d73b7\",\"privateKey\":\"-----BEGIN PRIVATE KEY-----\\nMIIEvQIBADANBgkqhkiG9w0BAQEFAASCBKcwggSjAgEAAoIBAQC2/nOGfzNpw9mJ\\nI5vh49n+j3tM1gfK6ZrJLmg4PIdrFulXI8Vd0Wr5zCvAwazSsyF0Ws4B+n0+sP8V\\nE7k+NgGovH6RbEjq/Oh09We0NS+GFtV/GY03xBUwcWHQJ++Fcfty3BjQIYGpdBqf\\n6yR+tLqwhrcFcGzTJadwyaZh9twUMsznbH678DLgIXMLWxqnZBLJtovECGgLJMJm\\nKTiD0pPtbo6AHmAJpN1vzWU5soxZIjFGhaVaEwvmJgbQCLILEIAYrltO8SefDT7c\\n2QgM0zypyGDY61Rpy77kANUgLnU1OEoyAp78IUSBViDIbzPJGrir3uGN6SMvr18x\\nfgDyEQh9AgMBAAECggEABQAfBcFIp4WDsfqF+2LPs1GoaXbPyyFnDx8rPDB0Yt55\\n+wHk8aWmM0ZpAoW2DZB51iCy0G+ZA2oeMuQag8VBdlnLsnkLCaDUK54EjSk9whH7\\nYUEuEG3DRneb2BMtArCCrV1mVMCDW68z9DGed/foVF8jLJ9ybCBg/4dw1aNV2WCL\\n3yehV4ZPGHdhDNs6CwBBCxo4f70Ce04pF06QcpW/kyKDMi36m+JVNYIYR0ROawea\\nNx9vGaVvHdbUhVCa15qzLeuN/KTHGI4vlNLPDd8NgTHZnRoBfb2dwa0tzBVCsSnZ\\n/8IjlliWTkrklRRUra0Ps2r65iUGQqOgrwjivMIm4QKBgQDinFvsRvA0dlStko9Q\\n17VQDNx9hTHFLArXXvsg23epMmRtwY5FNAGLxEUFZemq9gaJWT4hPx1KqnIoHHJs\\nXS++VmowW568aMe76oD341blpYsJTXLlqTSfVB2g/NqSbLCUNdERWRRVsj/Fjj9p\\noPhyIeRioZ/CLvumqb1e3opn3wKBgQDOufttKo2rRRivTTfu0p8nDo9e/ydZow2G\\n6vdmEvdxYlu5ekUWUhKUrJzJAYa4UB0HriV2ZCejCDU/eipDMuKlaERtFjbtoqW3\\ncrzMRDjgNijYl9v2Yp35mRtQjBm88YozDzTVH5hGiP5rkXV15eJIblAD6IpCqgJ6\\n4toHYBnLIwKBgGQmfmm6IEbPVTUw5K3x52vtgzTmPMzLXi85BvvKguQAJWpsdJgZ\\nF+XRZD+yfsbT3KevDUpcPnHVSoZ3rApAVO1l+6BLnaffFwbx6PWlP65Wr0/5LqJZ\\nWaxg3IdduKul5ZRbBH8KQ3ZsRMrmxxfD0ImAeRMuIxEK+qT5t3vKFpk5AoGAQa4J\\nWffJJv8/BoNMIA6/DhOsLYx3nh0V8SW6EK45+8Y6SkW0qZDN4nqtHZfki664anZD\\n5MeRaFT1RgO0ZcFHDTKBev8x2HJyoEROA8AxKdtLQvWMp01Rz7l7Wi4JB2TeebZ9\\nHLF7Gf3wh5ChdyHgsQ6LUZKSSvfk7dIhX3KC/20CgYEAuVvQrAe9pK0mlZTq2/r8\\nr8Bra2fcMVlcOBX7ndotL5o0R8AqQ4tB+cOu9/a3zI5nKHegrFjs+uSxeyYuJMdw\\ncyu9gNH4NrCuc6B5CXxi0sWwE72KD2OPdt0W5PKy8sqXp49pMCuCFv5htN8CpuGR\\nWpltIFosRnjVsxyb27xVf0A=\\n-----END PRIVATE KEY-----\\n\",\"clientEmail\":\"firebase-adminsdk-ax41n@iot-farming-d73b7.iam.gserviceaccount.com\",\"httpClient\":{\"retry\":{\"maxRetries\":4,\"statusCodes\":[503],\"ioErrorCodes\":[\"ECONNRESET\",\"ETIMEDOUT\"],\"backOffFactor\":0.5,\"maxDelayInMillis\":60000}}}}"}}
[debug] [2022-08-23T11:05:42.801Z] [runtime-status] [20572] Beginning invocation function user_service! {"metadata":{"emulator":{"name":"functions"},"function":{"name":"asia-southeast1-user_service"},"extension":{},"message":"[runtime-status] [20572] Beginning invocation function user_service!"}}
[info] i  functions: Beginning execution of "user_service" {"metadata":{"emulator":{"name":"functions"},"function":{"name":"asia-southeast1-user_service"},"extension":{},"message":"Beginning execution of \"user_service\""}}
[debug] [2022-08-23T11:05:42.803Z] [runtime-status] [20572] Running user_service in signature http {"metadata":{"emulator":{"name":"functions"},"function":{"name":"asia-southeast1-user_service"},"extension":{},"message":"[runtime-status] [20572] Running user_service in signature http"}}
[debug] [2022-08-23T11:05:42.810Z] [runtime-status] [20572] Listening to port: \\?\pipe\fire_emu_49dce82d47905f07 {"metadata":{"emulator":{"name":"functions"},"function":{"name":"asia-southeast1-user_service"},"extension":{},"message":"[runtime-status] [20572] Listening to port: \\\\?\\pipe\\fire_emu_49dce82d47905f07"}}
[debug] [2022-08-23T11:05:42.881Z] [functions] Runtime ready! Sending request! {"metadata":{"emulator":{"name":"functions"},"message":"[functions] Runtime ready! Sending request!"}}
[debug] [2022-08-23T11:05:42.882Z] [functions] Got req.url=/iot-farming-d73b7/asia-southeast1/user_service/users, mapping to path=/users {"metadata":{"emulator":{"name":"functions"},"message":"[functions] Got req.url=/iot-farming-d73b7/asia-southeast1/user_service/users, mapping to path=/users"}}
[debug] [2022-08-23T11:05:42.888Z] [runtime-status] [20572] Ephemeral server handling GET request {"metadata":{"emulator":{"name":"functions"},"function":{"name":"asia-southeast1-user_service"},"extension":{},"message":"[runtime-status] [20572] Ephemeral server handling GET request"}}
[info] >  [ 2001 ] {"user":[2001],"metadata":{"emulator":{"name":"functions"},"function":{"name":"asia-southeast1-user_service"},"extension":{},"message":"\u001b[90m> \u001b[39m [ 2001 ]"}}
[info] >  [ 2001 ] {"user":[2001],"metadata":{"emulator":{"name":"functions"},"function":{"name":"asia-southeast1-user_service"},"extension":{},"message":"\u001b[90m> \u001b[39m [ 2001 ]"}}
[debug] [2022-08-23T11:05:42.896Z] [runtime-status] [20572] Ephemeral server survived. {"metadata":{"emulator":{"name":"functions"},"function":{"name":"asia-southeast1-user_service"},"extension":{},"message":"[runtime-status] [20572] Ephemeral server survived."}}
[info] i  functions: Finished "user_service" in ~1s {"metadata":{"emulator":{"name":"functions"},"function":{"name":"asia-southeast1-user_service"},"extension":{},"message":"Finished \"user_service\" in ~1s"}}
[debug] [2022-08-23T11:05:43.795Z] [worker-asia-southeast1-user_service-e6a43c60-2557-4b06-a323-d5a74c0571c5]: IDLE {"metadata":{"emulator":{"name":"functions"},"message":"[worker-asia-southeast1-user_service-e6a43c60-2557-4b06-a323-d5a74c0571c5]: IDLE"}}
[debug] [2022-08-23T11:05:43.796Z] [work-queue] {"queueLength":0,"workRunningCount":0}
